{"/home/oliver/Desktop/monorepo_workspace/backend/core/src/app/middleware/auth.ts": {"path":"/home/oliver/Desktop/monorepo_workspace/backend/core/src/app/middleware/auth.ts","all":false,"statementMap":{"0":{"start":{"line":1,"column":0},"end":{"line":1,"column":55}},"12":{"start":{"line":13,"column":0},"end":{"line":13,"column":34}},"13":{"start":{"line":14,"column":0},"end":{"line":14,"column":25}},"14":{"start":{"line":15,"column":0},"end":{"line":15,"column":21}},"15":{"start":{"line":16,"column":0},"end":{"line":16,"column":3}},"16":{"start":{"line":17,"column":0},"end":{"line":17,"column":47}},"18":{"start":{"line":19,"column":0},"end":{"line":19,"column":14}},"19":{"start":{"line":20,"column":0},"end":{"line":20,"column":37}},"20":{"start":{"line":21,"column":0},"end":{"line":21,"column":9}},"21":{"start":{"line":22,"column":0},"end":{"line":22,"column":2}},"23":{"start":{"line":24,"column":0},"end":{"line":24,"column":66}},"25":{"start":{"line":26,"column":0},"end":{"line":26,"column":22}},"26":{"start":{"line":27,"column":0},"end":{"line":27,"column":37}},"27":{"start":{"line":28,"column":0},"end":{"line":28,"column":9}},"28":{"start":{"line":29,"column":0},"end":{"line":29,"column":2}},"30":{"start":{"line":31,"column":0},"end":{"line":31,"column":39}},"31":{"start":{"line":32,"column":0},"end":{"line":32,"column":1}},"33":{"start":{"line":34,"column":0},"end":{"line":34,"column":68}},"34":{"start":{"line":35,"column":0},"end":{"line":35,"column":47}},"36":{"start":{"line":37,"column":0},"end":{"line":37,"column":14}},"37":{"start":{"line":38,"column":0},"end":{"line":38,"column":9}},"38":{"start":{"line":39,"column":0},"end":{"line":39,"column":2}},"40":{"start":{"line":41,"column":0},"end":{"line":41,"column":66}},"42":{"start":{"line":43,"column":0},"end":{"line":43,"column":22}},"43":{"start":{"line":44,"column":0},"end":{"line":44,"column":9}},"44":{"start":{"line":45,"column":0},"end":{"line":45,"column":2}},"46":{"start":{"line":47,"column":0},"end":{"line":47,"column":39}},"47":{"start":{"line":48,"column":0},"end":{"line":48,"column":1}}},"s":{"0":1,"12":12,"13":12,"14":12,"15":12,"16":12,"18":12,"19":1,"20":1,"21":1,"23":11,"25":12,"26":0,"27":0,"28":0,"30":11,"31":11,"33":11,"34":11,"36":11,"37":10,"38":10,"40":1,"42":1,"43":0,"44":0,"46":1,"47":1},"branchMap":{"0":{"type":"branch","line":13,"loc":{"start":{"line":13,"column":0},"end":{"line":32,"column":1}},"locations":[{"start":{"line":13,"column":0},"end":{"line":32,"column":1}}]},"1":{"type":"branch","line":19,"loc":{"start":{"line":19,"column":13},"end":{"line":26,"column":21}},"locations":[{"start":{"line":19,"column":13},"end":{"line":26,"column":21}}]},"2":{"type":"branch","line":19,"loc":{"start":{"line":19,"column":13},"end":{"line":22,"column":2}},"locations":[{"start":{"line":19,"column":13},"end":{"line":22,"column":2}}]},"3":{"type":"branch","line":26,"loc":{"start":{"line":26,"column":21},"end":{"line":29,"column":2}},"locations":[{"start":{"line":26,"column":21},"end":{"line":29,"column":2}}]},"4":{"type":"branch","line":29,"loc":{"start":{"line":29,"column":1},"end":{"line":32,"column":1}},"locations":[{"start":{"line":29,"column":1},"end":{"line":32,"column":1}}]},"5":{"type":"branch","line":34,"loc":{"start":{"line":34,"column":0},"end":{"line":48,"column":1}},"locations":[{"start":{"line":34,"column":0},"end":{"line":48,"column":1}}]},"6":{"type":"branch","line":37,"loc":{"start":{"line":37,"column":13},"end":{"line":39,"column":2}},"locations":[{"start":{"line":37,"column":13},"end":{"line":39,"column":2}}]},"7":{"type":"branch","line":39,"loc":{"start":{"line":39,"column":1},"end":{"line":48,"column":1}},"locations":[{"start":{"line":39,"column":1},"end":{"line":48,"column":1}}]},"8":{"type":"branch","line":43,"loc":{"start":{"line":43,"column":21},"end":{"line":45,"column":2}},"locations":[{"start":{"line":43,"column":21},"end":{"line":45,"column":2}}]}},"b":{"0":[12],"1":[11],"2":[1],"3":[0],"4":[11],"5":[11],"6":[10],"7":[1],"8":[0]},"fnMap":{"0":{"name":"sessionAuth","decl":{"start":{"line":13,"column":0},"end":{"line":32,"column":1}},"loc":{"start":{"line":13,"column":0},"end":{"line":32,"column":1}},"line":13},"1":{"name":"optionalSessionAuth","decl":{"start":{"line":34,"column":0},"end":{"line":48,"column":1}},"loc":{"start":{"line":34,"column":0},"end":{"line":48,"column":1}},"line":34}},"f":{"0":12,"1":11}}
,"/home/oliver/Desktop/monorepo_workspace/backend/core/src/app/middleware/helpers.ts": {"path":"/home/oliver/Desktop/monorepo_workspace/backend/core/src/app/middleware/helpers.ts","all":false,"statementMap":{"0":{"start":{"line":1,"column":0},"end":{"line":1,"column":41}},"6":{"start":{"line":7,"column":0},"end":{"line":7,"column":52}},"7":{"start":{"line":8,"column":0},"end":{"line":8,"column":11}},"8":{"start":{"line":9,"column":0},"end":{"line":9,"column":20}},"9":{"start":{"line":10,"column":0},"end":{"line":10,"column":22}},"10":{"start":{"line":11,"column":0},"end":{"line":11,"column":3}},"12":{"start":{"line":13,"column":0},"end":{"line":13,"column":65}},"13":{"start":{"line":14,"column":0},"end":{"line":14,"column":60}},"14":{"start":{"line":15,"column":0},"end":{"line":15,"column":14}},"15":{"start":{"line":16,"column":0},"end":{"line":16,"column":1}},"17":{"start":{"line":18,"column":0},"end":{"line":18,"column":68}},"18":{"start":{"line":19,"column":0},"end":{"line":19,"column":47}},"20":{"start":{"line":21,"column":0},"end":{"line":21,"column":21}},"22":{"start":{"line":23,"column":0},"end":{"line":23,"column":66}},"24":{"start":{"line":25,"column":0},"end":{"line":25,"column":17}},"25":{"start":{"line":26,"column":0},"end":{"line":26,"column":30}},"26":{"start":{"line":27,"column":0},"end":{"line":27,"column":15}},"27":{"start":{"line":28,"column":0},"end":{"line":28,"column":3}},"28":{"start":{"line":29,"column":0},"end":{"line":29,"column":23}},"29":{"start":{"line":30,"column":0},"end":{"line":30,"column":2}},"31":{"start":{"line":32,"column":0},"end":{"line":32,"column":73}},"33":{"start":{"line":34,"column":0},"end":{"line":34,"column":20}},"34":{"start":{"line":35,"column":0},"end":{"line":35,"column":14}},"35":{"start":{"line":36,"column":0},"end":{"line":36,"column":2}},"37":{"start":{"line":38,"column":0},"end":{"line":38,"column":38}},"38":{"start":{"line":39,"column":0},"end":{"line":39,"column":20}},"39":{"start":{"line":40,"column":0},"end":{"line":40,"column":1}}},"s":{"0":1,"6":1,"7":1,"8":1,"9":1,"10":1,"12":1,"13":23,"14":23,"15":23,"17":12,"18":12,"20":12,"22":1,"24":1,"25":0,"26":0,"27":0,"28":1,"29":1,"31":11,"33":12,"34":0,"35":0,"37":11,"38":11,"39":11},"branchMap":{"0":{"type":"branch","line":13,"loc":{"start":{"line":13,"column":7},"end":{"line":16,"column":1}},"locations":[{"start":{"line":13,"column":7},"end":{"line":16,"column":1}}]},"1":{"type":"branch","line":14,"loc":{"start":{"line":14,"column":31},"end":{"line":14,"column":52}},"locations":[{"start":{"line":14,"column":31},"end":{"line":14,"column":52}}]},"2":{"type":"branch","line":18,"loc":{"start":{"line":18,"column":0},"end":{"line":40,"column":1}},"locations":[{"start":{"line":18,"column":0},"end":{"line":40,"column":1}}]},"3":{"type":"branch","line":21,"loc":{"start":{"line":21,"column":20},"end":{"line":30,"column":2}},"locations":[{"start":{"line":21,"column":20},"end":{"line":30,"column":2}}]},"4":{"type":"branch","line":25,"loc":{"start":{"line":25,"column":16},"end":{"line":28,"column":3}},"locations":[{"start":{"line":25,"column":16},"end":{"line":28,"column":3}}]},"5":{"type":"branch","line":30,"loc":{"start":{"line":30,"column":1},"end":{"line":34,"column":19}},"locations":[{"start":{"line":30,"column":1},"end":{"line":34,"column":19}}]},"6":{"type":"branch","line":34,"loc":{"start":{"line":34,"column":19},"end":{"line":36,"column":2}},"locations":[{"start":{"line":34,"column":19},"end":{"line":36,"column":2}}]},"7":{"type":"branch","line":36,"loc":{"start":{"line":36,"column":1},"end":{"line":40,"column":1}},"locations":[{"start":{"line":36,"column":1},"end":{"line":40,"column":1}}]}},"b":{"0":[23],"1":[12],"2":[12],"3":[1],"4":[0],"5":[11],"6":[0],"7":[11]},"fnMap":{"0":{"name":"extractTokenFromHeader","decl":{"start":{"line":13,"column":7},"end":{"line":16,"column":1}},"loc":{"start":{"line":13,"column":7},"end":{"line":16,"column":1}},"line":13},"1":{"name":"getValidSessionAndSaveToCache","decl":{"start":{"line":18,"column":0},"end":{"line":40,"column":1}},"loc":{"start":{"line":18,"column":0},"end":{"line":40,"column":1}},"line":18}},"f":{"0":23,"1":12}}
,"/home/oliver/Desktop/monorepo_workspace/backend/core/src/app/routes/public/auth.ts": {"path":"/home/oliver/Desktop/monorepo_workspace/backend/core/src/app/routes/public/auth.ts","all":false,"statementMap":{"0":{"start":{"line":1,"column":0},"end":{"line":1,"column":42}},"1":{"start":{"line":2,"column":0},"end":{"line":2,"column":50}},"2":{"start":{"line":3,"column":0},"end":{"line":3,"column":56}},"5":{"start":{"line":6,"column":0},"end":{"line":6,"column":58}},"6":{"start":{"line":7,"column":0},"end":{"line":7,"column":43}},"7":{"start":{"line":8,"column":0},"end":{"line":8,"column":69}},"8":{"start":{"line":9,"column":0},"end":{"line":9,"column":45}},"9":{"start":{"line":10,"column":0},"end":{"line":10,"column":4}},"11":{"start":{"line":12,"column":0},"end":{"line":12,"column":52}},"12":{"start":{"line":13,"column":0},"end":{"line":13,"column":69}},"13":{"start":{"line":14,"column":0},"end":{"line":14,"column":50}},"14":{"start":{"line":15,"column":0},"end":{"line":15,"column":4}},"15":{"start":{"line":16,"column":0},"end":{"line":16,"column":1}}},"s":{"0":1,"1":1,"2":1,"5":19,"6":19,"7":2,"8":2,"9":19,"11":19,"12":2,"13":2,"14":19,"15":19},"branchMap":{"0":{"type":"branch","line":6,"loc":{"start":{"line":6,"column":0},"end":{"line":16,"column":1}},"locations":[{"start":{"line":6,"column":0},"end":{"line":16,"column":1}}]},"1":{"type":"branch","line":7,"loc":{"start":{"line":7,"column":29},"end":{"line":10,"column":2}},"locations":[{"start":{"line":7,"column":29},"end":{"line":10,"column":2}}]},"2":{"type":"branch","line":12,"loc":{"start":{"line":12,"column":32},"end":{"line":15,"column":2}},"locations":[{"start":{"line":12,"column":32},"end":{"line":15,"column":2}}]}},"b":{"0":[19],"1":[2],"2":[2]},"fnMap":{"0":{"name":"__vite_ssr_exports__.default","decl":{"start":{"line":6,"column":0},"end":{"line":16,"column":1}},"loc":{"start":{"line":6,"column":0},"end":{"line":16,"column":1}},"line":6}},"f":{"0":19}}
,"/home/oliver/Desktop/monorepo_workspace/backend/core/src/app/routes/public/autohooks.ts": {"path":"/home/oliver/Desktop/monorepo_workspace/backend/core/src/app/routes/public/autohooks.ts","all":false,"statementMap":{"0":{"start":{"line":1,"column":0},"end":{"line":1,"column":42}},"1":{"start":{"line":2,"column":0},"end":{"line":2,"column":60}},"2":{"start":{"line":3,"column":0},"end":{"line":3,"column":43}},"4":{"start":{"line":5,"column":0},"end":{"line":5,"column":72}},"5":{"start":{"line":6,"column":0},"end":{"line":6,"column":51}},"6":{"start":{"line":7,"column":0},"end":{"line":7,"column":3}}},"s":{"0":1,"1":1,"2":1,"4":1,"5":19,"6":19},"branchMap":{"0":{"type":"branch","line":5,"loc":{"start":{"line":5,"column":29},"end":{"line":7,"column":3}},"locations":[{"start":{"line":5,"column":29},"end":{"line":7,"column":3}}]}},"b":{"0":[19]},"fnMap":{},"f":{}}
,"/home/oliver/Desktop/monorepo_workspace/backend/core/src/app/routes/public/club.ts": {"path":"/home/oliver/Desktop/monorepo_workspace/backend/core/src/app/routes/public/club.ts","all":false,"statementMap":{"0":{"start":{"line":1,"column":0},"end":{"line":1,"column":42}},"1":{"start":{"line":2,"column":0},"end":{"line":2,"column":50}},"2":{"start":{"line":3,"column":0},"end":{"line":3,"column":49}},"5":{"start":{"line":6,"column":0},"end":{"line":6,"column":58}},"6":{"start":{"line":7,"column":0},"end":{"line":7,"column":37}},"7":{"start":{"line":8,"column":0},"end":{"line":8,"column":55}},"8":{"start":{"line":9,"column":0},"end":{"line":9,"column":43}},"9":{"start":{"line":10,"column":0},"end":{"line":10,"column":4}},"11":{"start":{"line":12,"column":0},"end":{"line":12,"column":42}},"13":{"start":{"line":14,"column":0},"end":{"line":14,"column":14}},"14":{"start":{"line":15,"column":0},"end":{"line":15,"column":4}},"15":{"start":{"line":16,"column":0},"end":{"line":16,"column":1}}},"s":{"0":1,"1":1,"2":1,"5":19,"6":19,"7":3,"8":3,"9":19,"11":19,"13":0,"14":19,"15":19},"branchMap":{"0":{"type":"branch","line":6,"loc":{"start":{"line":6,"column":0},"end":{"line":16,"column":1}},"locations":[{"start":{"line":6,"column":0},"end":{"line":16,"column":1}}]},"1":{"type":"branch","line":7,"loc":{"start":{"line":7,"column":23},"end":{"line":10,"column":2}},"locations":[{"start":{"line":7,"column":23},"end":{"line":10,"column":2}}]}},"b":{"0":[19],"1":[3]},"fnMap":{"0":{"name":"__vite_ssr_exports__.default","decl":{"start":{"line":6,"column":0},"end":{"line":16,"column":1}},"loc":{"start":{"line":6,"column":0},"end":{"line":16,"column":1}},"line":6}},"f":{"0":19}}
,"/home/oliver/Desktop/monorepo_workspace/backend/core/src/app/routes/public/competition.ts": {"path":"/home/oliver/Desktop/monorepo_workspace/backend/core/src/app/routes/public/competition.ts","all":false,"statementMap":{"0":{"start":{"line":1,"column":0},"end":{"line":1,"column":42}},"1":{"start":{"line":2,"column":0},"end":{"line":2,"column":64}},"2":{"start":{"line":3,"column":0},"end":{"line":3,"column":61}},"5":{"start":{"line":6,"column":0},"end":{"line":6,"column":58}},"6":{"start":{"line":7,"column":0},"end":{"line":7,"column":44}},"7":{"start":{"line":8,"column":0},"end":{"line":8,"column":55}},"8":{"start":{"line":9,"column":0},"end":{"line":9,"column":43}},"9":{"start":{"line":10,"column":0},"end":{"line":10,"column":4}},"11":{"start":{"line":12,"column":0},"end":{"line":12,"column":50}},"12":{"start":{"line":13,"column":0},"end":{"line":13,"column":50}},"13":{"start":{"line":14,"column":0},"end":{"line":14,"column":45}},"14":{"start":{"line":15,"column":0},"end":{"line":15,"column":4}},"16":{"start":{"line":17,"column":0},"end":{"line":17,"column":59}},"17":{"start":{"line":18,"column":0},"end":{"line":18,"column":50}},"18":{"start":{"line":19,"column":0},"end":{"line":19,"column":69}},"19":{"start":{"line":20,"column":0},"end":{"line":20,"column":4}},"21":{"start":{"line":22,"column":0},"end":{"line":22,"column":62}},"22":{"start":{"line":23,"column":0},"end":{"line":23,"column":50}},"23":{"start":{"line":24,"column":0},"end":{"line":24,"column":55}},"24":{"start":{"line":25,"column":0},"end":{"line":25,"column":67}},"25":{"start":{"line":26,"column":0},"end":{"line":26,"column":4}},"26":{"start":{"line":27,"column":0},"end":{"line":27,"column":1}}},"s":{"0":1,"1":1,"2":1,"5":19,"6":19,"7":2,"8":2,"9":19,"11":19,"12":0,"13":0,"14":19,"16":19,"17":2,"18":2,"19":19,"21":19,"22":0,"23":0,"24":0,"25":19,"26":19},"branchMap":{"0":{"type":"branch","line":6,"loc":{"start":{"line":6,"column":0},"end":{"line":27,"column":1}},"locations":[{"start":{"line":6,"column":0},"end":{"line":27,"column":1}}]},"1":{"type":"branch","line":7,"loc":{"start":{"line":7,"column":30},"end":{"line":10,"column":2}},"locations":[{"start":{"line":7,"column":30},"end":{"line":10,"column":2}}]},"2":{"type":"branch","line":17,"loc":{"start":{"line":17,"column":45},"end":{"line":20,"column":2}},"locations":[{"start":{"line":17,"column":45},"end":{"line":20,"column":2}}]}},"b":{"0":[19],"1":[2],"2":[2]},"fnMap":{"0":{"name":"__vite_ssr_exports__.default","decl":{"start":{"line":6,"column":0},"end":{"line":27,"column":1}},"loc":{"start":{"line":6,"column":0},"end":{"line":27,"column":1}},"line":6}},"f":{"0":19}}
,"/home/oliver/Desktop/monorepo_workspace/backend/core/src/app/routes/public/publicRouter.ts": {"path":"/home/oliver/Desktop/monorepo_workspace/backend/core/src/app/routes/public/publicRouter.ts","all":false,"statementMap":{"3":{"start":{"line":4,"column":0},"end":{"line":4,"column":58}},"4":{"start":{"line":5,"column":0},"end":{"line":5,"column":41}},"5":{"start":{"line":6,"column":0},"end":{"line":6,"column":36}},"6":{"start":{"line":7,"column":0},"end":{"line":7,"column":36}},"7":{"start":{"line":8,"column":0},"end":{"line":8,"column":43}},"8":{"start":{"line":9,"column":0},"end":{"line":9,"column":1}}},"s":{"3":19,"4":19,"5":19,"6":19,"7":19,"8":19},"branchMap":{"0":{"type":"branch","line":4,"loc":{"start":{"line":4,"column":0},"end":{"line":9,"column":1}},"locations":[{"start":{"line":4,"column":0},"end":{"line":9,"column":1}}]}},"b":{"0":[19]},"fnMap":{"0":{"name":"__vite_ssr_exports__.default","decl":{"start":{"line":4,"column":0},"end":{"line":9,"column":1}},"loc":{"start":{"line":4,"column":0},"end":{"line":9,"column":1}},"line":4}},"f":{"0":19}}
,"/home/oliver/Desktop/monorepo_workspace/backend/core/src/app/routes/user/autohooks.ts": {"path":"/home/oliver/Desktop/monorepo_workspace/backend/core/src/app/routes/user/autohooks.ts","all":false,"statementMap":{"0":{"start":{"line":1,"column":0},"end":{"line":1,"column":42}},"1":{"start":{"line":2,"column":0},"end":{"line":2,"column":52}},"2":{"start":{"line":3,"column":0},"end":{"line":3,"column":43}},"4":{"start":{"line":5,"column":0},"end":{"line":5,"column":72}},"5":{"start":{"line":6,"column":0},"end":{"line":6,"column":43}},"6":{"start":{"line":7,"column":0},"end":{"line":7,"column":3}}},"s":{"0":1,"1":1,"2":1,"4":1,"5":19,"6":19},"branchMap":{"0":{"type":"branch","line":5,"loc":{"start":{"line":5,"column":29},"end":{"line":7,"column":3}},"locations":[{"start":{"line":5,"column":29},"end":{"line":7,"column":3}}]}},"b":{"0":[19]},"fnMap":{},"f":{}}
,"/home/oliver/Desktop/monorepo_workspace/backend/core/src/app/routes/user/club.ts": {"path":"/home/oliver/Desktop/monorepo_workspace/backend/core/src/app/routes/user/club.ts","all":false,"statementMap":{"0":{"start":{"line":1,"column":0},"end":{"line":1,"column":42}},"1":{"start":{"line":2,"column":0},"end":{"line":2,"column":50}},"2":{"start":{"line":3,"column":0},"end":{"line":3,"column":67}},"3":{"start":{"line":4,"column":0},"end":{"line":4,"column":51}},"6":{"start":{"line":7,"column":0},"end":{"line":7,"column":58}},"7":{"start":{"line":8,"column":0},"end":{"line":8,"column":44}},"8":{"start":{"line":9,"column":0},"end":{"line":9,"column":55}},"9":{"start":{"line":10,"column":0},"end":{"line":10,"column":29}},"10":{"start":{"line":11,"column":0},"end":{"line":11,"column":14}},"11":{"start":{"line":12,"column":0},"end":{"line":12,"column":49}},"12":{"start":{"line":13,"column":0},"end":{"line":13,"column":5}},"13":{"start":{"line":14,"column":0},"end":{"line":14,"column":4}},"14":{"start":{"line":15,"column":0},"end":{"line":15,"column":1}}},"s":{"0":1,"1":1,"2":1,"3":1,"6":19,"7":19,"8":1,"9":1,"10":1,"11":1,"12":1,"13":19,"14":19},"branchMap":{"0":{"type":"branch","line":7,"loc":{"start":{"line":7,"column":0},"end":{"line":15,"column":1}},"locations":[{"start":{"line":7,"column":0},"end":{"line":15,"column":1}}]},"1":{"type":"branch","line":8,"loc":{"start":{"line":8,"column":30},"end":{"line":14,"column":2}},"locations":[{"start":{"line":8,"column":30},"end":{"line":14,"column":2}}]}},"b":{"0":[19],"1":[1]},"fnMap":{"0":{"name":"__vite_ssr_exports__.default","decl":{"start":{"line":7,"column":0},"end":{"line":15,"column":1}},"loc":{"start":{"line":7,"column":0},"end":{"line":15,"column":1}},"line":7}},"f":{"0":19}}
,"/home/oliver/Desktop/monorepo_workspace/backend/core/src/app/routes/user/competition.ts": {"path":"/home/oliver/Desktop/monorepo_workspace/backend/core/src/app/routes/user/competition.ts","all":false,"statementMap":{"0":{"start":{"line":1,"column":0},"end":{"line":1,"column":58}},"1":{"start":{"line":2,"column":0},"end":{"line":2,"column":64}},"2":{"start":{"line":3,"column":0},"end":{"line":3,"column":59}},"6":{"start":{"line":7,"column":0},"end":{"line":7,"column":25}},"7":{"start":{"line":8,"column":0},"end":{"line":8,"column":69}},"10":{"start":{"line":11,"column":0},"end":{"line":11,"column":58}},"11":{"start":{"line":12,"column":0},"end":{"line":12,"column":51}},"12":{"start":{"line":13,"column":0},"end":{"line":13,"column":63}},"14":{"start":{"line":15,"column":0},"end":{"line":15,"column":21}},"15":{"start":{"line":16,"column":0},"end":{"line":16,"column":45}},"16":{"start":{"line":17,"column":0},"end":{"line":17,"column":3}},"18":{"start":{"line":19,"column":0},"end":{"line":19,"column":59}},"19":{"start":{"line":20,"column":0},"end":{"line":20,"column":69}},"20":{"start":{"line":21,"column":0},"end":{"line":21,"column":4}},"22":{"start":{"line":23,"column":0},"end":{"line":23,"column":62}},"23":{"start":{"line":24,"column":0},"end":{"line":24,"column":59}},"25":{"start":{"line":26,"column":0},"end":{"line":26,"column":55}},"26":{"start":{"line":27,"column":0},"end":{"line":27,"column":64}},"27":{"start":{"line":28,"column":0},"end":{"line":28,"column":4}},"29":{"start":{"line":30,"column":0},"end":{"line":30,"column":52}},"30":{"start":{"line":31,"column":0},"end":{"line":31,"column":55}},"31":{"start":{"line":32,"column":0},"end":{"line":32,"column":56}},"32":{"start":{"line":33,"column":0},"end":{"line":33,"column":4}},"33":{"start":{"line":34,"column":0},"end":{"line":34,"column":1}}},"s":{"0":1,"1":1,"2":1,"6":1,"7":1,"10":19,"11":19,"12":1,"14":1,"15":0,"16":0,"18":1,"19":1,"20":19,"22":19,"23":0,"25":0,"26":0,"27":19,"29":19,"30":1,"31":1,"32":19,"33":19},"branchMap":{"0":{"type":"branch","line":11,"loc":{"start":{"line":11,"column":0},"end":{"line":34,"column":1}},"locations":[{"start":{"line":11,"column":0},"end":{"line":34,"column":1}}]},"1":{"type":"branch","line":12,"loc":{"start":{"line":12,"column":31},"end":{"line":21,"column":2}},"locations":[{"start":{"line":12,"column":31},"end":{"line":21,"column":2}}]},"2":{"type":"branch","line":15,"loc":{"start":{"line":15,"column":20},"end":{"line":17,"column":3}},"locations":[{"start":{"line":15,"column":20},"end":{"line":17,"column":3}}]},"3":{"type":"branch","line":30,"loc":{"start":{"line":30,"column":38},"end":{"line":33,"column":2}},"locations":[{"start":{"line":30,"column":38},"end":{"line":33,"column":2}}]}},"b":{"0":[19],"1":[1],"2":[0],"3":[1]},"fnMap":{"0":{"name":"__vite_ssr_exports__.default","decl":{"start":{"line":11,"column":0},"end":{"line":34,"column":1}},"loc":{"start":{"line":11,"column":0},"end":{"line":34,"column":1}},"line":11}},"f":{"0":19}}
,"/home/oliver/Desktop/monorepo_workspace/backend/core/src/app/routes/user/user.ts": {"path":"/home/oliver/Desktop/monorepo_workspace/backend/core/src/app/routes/user/user.ts","all":false,"statementMap":{"0":{"start":{"line":1,"column":0},"end":{"line":1,"column":42}},"1":{"start":{"line":2,"column":0},"end":{"line":2,"column":50}},"2":{"start":{"line":3,"column":0},"end":{"line":3,"column":67}},"3":{"start":{"line":4,"column":0},"end":{"line":4,"column":64}},"7":{"start":{"line":8,"column":0},"end":{"line":8,"column":58}},"8":{"start":{"line":9,"column":0},"end":{"line":9,"column":39}},"9":{"start":{"line":10,"column":0},"end":{"line":10,"column":75}},"10":{"start":{"line":11,"column":0},"end":{"line":11,"column":4}},"12":{"start":{"line":13,"column":0},"end":{"line":13,"column":41}},"13":{"start":{"line":14,"column":0},"end":{"line":14,"column":54}},"14":{"start":{"line":15,"column":0},"end":{"line":15,"column":40}},"15":{"start":{"line":16,"column":0},"end":{"line":16,"column":14}},"16":{"start":{"line":17,"column":0},"end":{"line":17,"column":49}},"17":{"start":{"line":18,"column":0},"end":{"line":18,"column":5}},"18":{"start":{"line":19,"column":0},"end":{"line":19,"column":4}},"20":{"start":{"line":21,"column":0},"end":{"line":21,"column":45}},"21":{"start":{"line":22,"column":0},"end":{"line":22,"column":56}},"22":{"start":{"line":23,"column":0},"end":{"line":23,"column":28}},"23":{"start":{"line":24,"column":0},"end":{"line":24,"column":10}},"24":{"start":{"line":25,"column":0},"end":{"line":25,"column":3}},"25":{"start":{"line":26,"column":0},"end":{"line":26,"column":65}},"26":{"start":{"line":27,"column":0},"end":{"line":27,"column":4}},"27":{"start":{"line":28,"column":0},"end":{"line":28,"column":1}}},"s":{"0":1,"1":1,"2":1,"3":1,"7":19,"8":19,"9":1,"10":19,"12":19,"13":5,"14":5,"15":5,"16":5,"17":5,"18":19,"20":19,"21":2,"22":2,"23":0,"24":0,"25":2,"26":19,"27":19},"branchMap":{"0":{"type":"branch","line":8,"loc":{"start":{"line":8,"column":0},"end":{"line":28,"column":1}},"locations":[{"start":{"line":8,"column":0},"end":{"line":28,"column":1}}]},"1":{"type":"branch","line":9,"loc":{"start":{"line":9,"column":25},"end":{"line":11,"column":2}},"locations":[{"start":{"line":9,"column":25},"end":{"line":11,"column":2}}]},"2":{"type":"branch","line":13,"loc":{"start":{"line":13,"column":27},"end":{"line":19,"column":2}},"locations":[{"start":{"line":13,"column":27},"end":{"line":19,"column":2}}]},"3":{"type":"branch","line":21,"loc":{"start":{"line":21,"column":31},"end":{"line":27,"column":2}},"locations":[{"start":{"line":21,"column":31},"end":{"line":27,"column":2}}]},"4":{"type":"branch","line":23,"loc":{"start":{"line":23,"column":27},"end":{"line":25,"column":3}},"locations":[{"start":{"line":23,"column":27},"end":{"line":25,"column":3}}]}},"b":{"0":[19],"1":[1],"2":[5],"3":[2],"4":[0]},"fnMap":{"0":{"name":"__vite_ssr_exports__.default","decl":{"start":{"line":8,"column":0},"end":{"line":28,"column":1}},"loc":{"start":{"line":8,"column":0},"end":{"line":28,"column":1}},"line":8}},"f":{"0":19}}
,"/home/oliver/Desktop/monorepo_workspace/backend/core/src/app/routes/user/userRouter.ts": {"path":"/home/oliver/Desktop/monorepo_workspace/backend/core/src/app/routes/user/userRouter.ts","all":false,"statementMap":{"3":{"start":{"line":4,"column":0},"end":{"line":4,"column":58}},"4":{"start":{"line":5,"column":0},"end":{"line":5,"column":41}},"5":{"start":{"line":6,"column":0},"end":{"line":6,"column":36}},"6":{"start":{"line":7,"column":0},"end":{"line":7,"column":36}},"7":{"start":{"line":8,"column":0},"end":{"line":8,"column":43}},"8":{"start":{"line":9,"column":0},"end":{"line":9,"column":1}}},"s":{"3":19,"4":19,"5":19,"6":19,"7":19,"8":19},"branchMap":{"0":{"type":"branch","line":4,"loc":{"start":{"line":4,"column":0},"end":{"line":9,"column":1}},"locations":[{"start":{"line":4,"column":0},"end":{"line":9,"column":1}}]}},"b":{"0":[19]},"fnMap":{"0":{"name":"__vite_ssr_exports__.default","decl":{"start":{"line":4,"column":0},"end":{"line":9,"column":1}},"loc":{"start":{"line":4,"column":0},"end":{"line":9,"column":1}},"line":4}},"f":{"0":19}}
,"/home/oliver/Desktop/monorepo_workspace/backend/core/src/app/services/club.ts": {"path":"/home/oliver/Desktop/monorepo_workspace/backend/core/src/app/services/club.ts","all":false,"statementMap":{"0":{"start":{"line":1,"column":0},"end":{"line":1,"column":38}},"11":{"start":{"line":12,"column":0},"end":{"line":12,"column":28}},"12":{"start":{"line":13,"column":0},"end":{"line":13,"column":30}},"13":{"start":{"line":14,"column":0},"end":{"line":14,"column":21}},"14":{"start":{"line":15,"column":0},"end":{"line":15,"column":33}},"15":{"start":{"line":16,"column":0},"end":{"line":16,"column":25}},"16":{"start":{"line":17,"column":0},"end":{"line":17,"column":34}},"17":{"start":{"line":18,"column":0},"end":{"line":18,"column":12}},"18":{"start":{"line":19,"column":0},"end":{"line":19,"column":21}},"19":{"start":{"line":20,"column":0},"end":{"line":20,"column":6}},"20":{"start":{"line":21,"column":0},"end":{"line":21,"column":6}},"21":{"start":{"line":22,"column":0},"end":{"line":22,"column":3}},"22":{"start":{"line":23,"column":0},"end":{"line":23,"column":27}},"23":{"start":{"line":24,"column":0},"end":{"line":24,"column":33}},"24":{"start":{"line":25,"column":0},"end":{"line":25,"column":12}},"25":{"start":{"line":26,"column":0},"end":{"line":26,"column":25}},"26":{"start":{"line":27,"column":0},"end":{"line":27,"column":6}},"27":{"start":{"line":28,"column":0},"end":{"line":28,"column":6}},"28":{"start":{"line":29,"column":0},"end":{"line":29,"column":3}},"29":{"start":{"line":30,"column":0},"end":{"line":30,"column":14}},"30":{"start":{"line":31,"column":0},"end":{"line":31,"column":3}},"31":{"start":{"line":32,"column":0},"end":{"line":32,"column":77}},"32":{"start":{"line":33,"column":0},"end":{"line":33,"column":31}},"33":{"start":{"line":34,"column":0},"end":{"line":34,"column":22}},"34":{"start":{"line":35,"column":0},"end":{"line":35,"column":22}},"35":{"start":{"line":36,"column":0},"end":{"line":36,"column":13}},"36":{"start":{"line":37,"column":0},"end":{"line":37,"column":15}},"37":{"start":{"line":38,"column":0},"end":{"line":38,"column":5}},"38":{"start":{"line":39,"column":0},"end":{"line":39,"column":5}},"39":{"start":{"line":40,"column":0},"end":{"line":40,"column":3}},"40":{"start":{"line":41,"column":0},"end":{"line":41,"column":26}},"41":{"start":{"line":42,"column":0},"end":{"line":42,"column":7}},"42":{"start":{"line":43,"column":0},"end":{"line":43,"column":10}},"43":{"start":{"line":44,"column":0},"end":{"line":44,"column":9}},"44":{"start":{"line":45,"column":0},"end":{"line":45,"column":54}},"50":{"start":{"line":51,"column":0},"end":{"line":51,"column":52}},"51":{"start":{"line":52,"column":0},"end":{"line":52,"column":11}},"52":{"start":{"line":53,"column":0},"end":{"line":53,"column":11}},"53":{"start":{"line":54,"column":0},"end":{"line":54,"column":5}},"54":{"start":{"line":55,"column":0},"end":{"line":55,"column":5}},"56":{"start":{"line":57,"column":0},"end":{"line":57,"column":30}},"57":{"start":{"line":58,"column":0},"end":{"line":58,"column":53}},"58":{"start":{"line":59,"column":0},"end":{"line":59,"column":3}},"60":{"start":{"line":61,"column":0},"end":{"line":61,"column":35}},"62":{"start":{"line":63,"column":0},"end":{"line":63,"column":14}},"63":{"start":{"line":64,"column":0},"end":{"line":64,"column":63}},"64":{"start":{"line":65,"column":0},"end":{"line":65,"column":3}},"66":{"start":{"line":67,"column":0},"end":{"line":67,"column":41}},"67":{"start":{"line":68,"column":0},"end":{"line":68,"column":10}},"68":{"start":{"line":69,"column":0},"end":{"line":69,"column":9}},"69":{"start":{"line":70,"column":0},"end":{"line":70,"column":12}},"70":{"start":{"line":71,"column":0},"end":{"line":71,"column":9}},"71":{"start":{"line":72,"column":0},"end":{"line":72,"column":20}},"72":{"start":{"line":73,"column":0},"end":{"line":73,"column":33}},"73":{"start":{"line":74,"column":0},"end":{"line":74,"column":5}},"74":{"start":{"line":75,"column":0},"end":{"line":75,"column":5}},"75":{"start":{"line":76,"column":0},"end":{"line":76,"column":13}},"76":{"start":{"line":77,"column":0},"end":{"line":77,"column":36}},"77":{"start":{"line":78,"column":0},"end":{"line":78,"column":12}},"78":{"start":{"line":79,"column":0},"end":{"line":79,"column":12}},"79":{"start":{"line":80,"column":0},"end":{"line":80,"column":6}},"80":{"start":{"line":81,"column":0},"end":{"line":81,"column":11}},"81":{"start":{"line":82,"column":0},"end":{"line":82,"column":21}},"82":{"start":{"line":83,"column":0},"end":{"line":83,"column":6}},"83":{"start":{"line":84,"column":0},"end":{"line":84,"column":6}},"84":{"start":{"line":85,"column":0},"end":{"line":85,"column":3}},"85":{"start":{"line":86,"column":0},"end":{"line":86,"column":22}},"86":{"start":{"line":87,"column":0},"end":{"line":87,"column":3}},"87":{"start":{"line":88,"column":0},"end":{"line":88,"column":2}}},"s":{"0":1,"11":1,"12":1,"13":0,"14":0,"15":0,"16":0,"17":0,"18":0,"19":0,"20":0,"21":0,"22":0,"23":0,"24":0,"25":0,"26":0,"27":0,"28":0,"29":0,"30":0,"31":1,"32":3,"33":3,"34":3,"35":3,"36":3,"37":3,"38":3,"39":3,"40":1,"41":6,"42":6,"43":6,"44":6,"50":6,"51":6,"52":6,"53":6,"54":6,"56":6,"57":0,"58":0,"60":6,"62":6,"63":0,"64":0,"66":6,"67":6,"68":6,"69":6,"70":6,"71":6,"72":6,"73":6,"74":6,"75":6,"76":6,"77":6,"78":6,"79":6,"80":6,"81":6,"82":6,"83":6,"84":6,"85":6,"86":6,"87":1},"branchMap":{"0":{"type":"branch","line":32,"loc":{"start":{"line":32,"column":14},"end":{"line":40,"column":3}},"locations":[{"start":{"line":32,"column":14},"end":{"line":40,"column":3}}]},"1":{"type":"branch","line":41,"loc":{"start":{"line":41,"column":9},"end":{"line":87,"column":3}},"locations":[{"start":{"line":41,"column":9},"end":{"line":87,"column":3}}]},"2":{"type":"branch","line":57,"loc":{"start":{"line":57,"column":29},"end":{"line":59,"column":3}},"locations":[{"start":{"line":57,"column":29},"end":{"line":59,"column":3}}]},"3":{"type":"branch","line":63,"loc":{"start":{"line":63,"column":13},"end":{"line":65,"column":3}},"locations":[{"start":{"line":63,"column":13},"end":{"line":65,"column":3}}]},"4":{"type":"branch","line":86,"loc":{"start":{"line":86,"column":9},"end":{"line":86,"column":22}},"locations":[{"start":{"line":86,"column":9},"end":{"line":86,"column":22}}]}},"b":{"0":[3],"1":[6],"2":[0],"3":[0],"4":[0]},"fnMap":{"0":{"name":"getClubByIdOrSlug","decl":{"start":{"line":13,"column":20},"end":{"line":31,"column":3}},"loc":{"start":{"line":13,"column":20},"end":{"line":31,"column":3}},"line":13},"1":{"name":"getClubList","decl":{"start":{"line":32,"column":14},"end":{"line":40,"column":3}},"loc":{"start":{"line":32,"column":14},"end":{"line":40,"column":3}},"line":32},"2":{"name":"create","decl":{"start":{"line":41,"column":9},"end":{"line":87,"column":3}},"loc":{"start":{"line":41,"column":9},"end":{"line":87,"column":3}},"line":41}},"f":{"0":0,"1":3,"2":6}}
,"/home/oliver/Desktop/monorepo_workspace/backend/core/src/app/services/competition.ts": {"path":"/home/oliver/Desktop/monorepo_workspace/backend/core/src/app/services/competition.ts","all":false,"statementMap":{"0":{"start":{"line":1,"column":0},"end":{"line":1,"column":62}},"14":{"start":{"line":15,"column":0},"end":{"line":15,"column":28}},"15":{"start":{"line":16,"column":0},"end":{"line":16,"column":31}},"16":{"start":{"line":17,"column":0},"end":{"line":17,"column":11}},"17":{"start":{"line":18,"column":0},"end":{"line":18,"column":3}},"19":{"start":{"line":20,"column":0},"end":{"line":20,"column":35}},"20":{"start":{"line":21,"column":0},"end":{"line":21,"column":35}},"21":{"start":{"line":22,"column":0},"end":{"line":22,"column":56}},"22":{"start":{"line":23,"column":0},"end":{"line":23,"column":17}},"23":{"start":{"line":24,"column":0},"end":{"line":24,"column":4}},"34":{"start":{"line":35,"column":0},"end":{"line":35,"column":3}},"35":{"start":{"line":36,"column":0},"end":{"line":36,"column":69}},"37":{"start":{"line":38,"column":0},"end":{"line":38,"column":37}},"38":{"start":{"line":39,"column":0},"end":{"line":39,"column":11}},"39":{"start":{"line":40,"column":0},"end":{"line":40,"column":26}},"40":{"start":{"line":41,"column":0},"end":{"line":41,"column":5}},"41":{"start":{"line":42,"column":0},"end":{"line":42,"column":32}},"42":{"start":{"line":43,"column":0},"end":{"line":43,"column":5}},"43":{"start":{"line":44,"column":0},"end":{"line":44,"column":3}},"44":{"start":{"line":45,"column":0},"end":{"line":45,"column":55}},"45":{"start":{"line":46,"column":0},"end":{"line":46,"column":70}},"46":{"start":{"line":47,"column":0},"end":{"line":47,"column":11}},"47":{"start":{"line":48,"column":0},"end":{"line":48,"column":11}},"48":{"start":{"line":49,"column":0},"end":{"line":49,"column":18}},"49":{"start":{"line":50,"column":0},"end":{"line":50,"column":23}},"50":{"start":{"line":51,"column":0},"end":{"line":51,"column":24}},"51":{"start":{"line":52,"column":0},"end":{"line":52,"column":6}},"52":{"start":{"line":53,"column":0},"end":{"line":53,"column":5}},"53":{"start":{"line":54,"column":0},"end":{"line":54,"column":12}},"54":{"start":{"line":55,"column":0},"end":{"line":55,"column":22}},"55":{"start":{"line":56,"column":0},"end":{"line":56,"column":5}},"56":{"start":{"line":57,"column":0},"end":{"line":57,"column":5}},"58":{"start":{"line":59,"column":0},"end":{"line":59,"column":67}},"59":{"start":{"line":60,"column":0},"end":{"line":60,"column":3}},"61":{"start":{"line":62,"column":0},"end":{"line":62,"column":41}},"62":{"start":{"line":63,"column":0},"end":{"line":63,"column":73}},"63":{"start":{"line":64,"column":0},"end":{"line":64,"column":29}},"64":{"start":{"line":65,"column":0},"end":{"line":65,"column":4}},"65":{"start":{"line":66,"column":0},"end":{"line":66,"column":57}},"66":{"start":{"line":67,"column":0},"end":{"line":67,"column":11}},"67":{"start":{"line":68,"column":0},"end":{"line":68,"column":31}},"68":{"start":{"line":69,"column":0},"end":{"line":69,"column":38}},"69":{"start":{"line":70,"column":0},"end":{"line":70,"column":5}},"70":{"start":{"line":71,"column":0},"end":{"line":71,"column":12}},"71":{"start":{"line":72,"column":0},"end":{"line":72,"column":15}},"72":{"start":{"line":73,"column":0},"end":{"line":73,"column":5}},"73":{"start":{"line":74,"column":0},"end":{"line":74,"column":5}},"75":{"start":{"line":76,"column":0},"end":{"line":76,"column":42}},"77":{"start":{"line":78,"column":0},"end":{"line":78,"column":17}},"78":{"start":{"line":79,"column":0},"end":{"line":79,"column":63}},"79":{"start":{"line":80,"column":0},"end":{"line":80,"column":3}},"81":{"start":{"line":82,"column":0},"end":{"line":82,"column":50}},"82":{"start":{"line":83,"column":0},"end":{"line":83,"column":3}},"84":{"start":{"line":85,"column":0},"end":{"line":85,"column":66}},"85":{"start":{"line":86,"column":0},"end":{"line":86,"column":48}},"86":{"start":{"line":87,"column":0},"end":{"line":87,"column":43}},"88":{"start":{"line":89,"column":0},"end":{"line":89,"column":35}},"89":{"start":{"line":90,"column":0},"end":{"line":90,"column":34}},"90":{"start":{"line":91,"column":0},"end":{"line":91,"column":3}},"92":{"start":{"line":93,"column":0},"end":{"line":93,"column":17}},"93":{"start":{"line":94,"column":0},"end":{"line":94,"column":41}},"94":{"start":{"line":95,"column":0},"end":{"line":95,"column":12}},"95":{"start":{"line":96,"column":0},"end":{"line":96,"column":19}},"96":{"start":{"line":97,"column":0},"end":{"line":97,"column":12}},"97":{"start":{"line":98,"column":0},"end":{"line":98,"column":6}},"98":{"start":{"line":99,"column":0},"end":{"line":99,"column":11}},"100":{"start":{"line":101,"column":0},"end":{"line":101,"column":31}},"101":{"start":{"line":102,"column":0},"end":{"line":102,"column":17}},"102":{"start":{"line":103,"column":0},"end":{"line":103,"column":3}},"104":{"start":{"line":105,"column":0},"end":{"line":105,"column":69}},"105":{"start":{"line":106,"column":0},"end":{"line":106,"column":35}},"106":{"start":{"line":107,"column":0},"end":{"line":107,"column":47}},"107":{"start":{"line":108,"column":0},"end":{"line":108,"column":3}},"109":{"start":{"line":110,"column":0},"end":{"line":110,"column":59}},"110":{"start":{"line":111,"column":0},"end":{"line":111,"column":11}},"111":{"start":{"line":112,"column":0},"end":{"line":112,"column":26}},"112":{"start":{"line":113,"column":0},"end":{"line":113,"column":5}},"113":{"start":{"line":114,"column":0},"end":{"line":114,"column":12}},"114":{"start":{"line":115,"column":0},"end":{"line":115,"column":13}},"115":{"start":{"line":116,"column":0},"end":{"line":116,"column":5}},"116":{"start":{"line":117,"column":0},"end":{"line":117,"column":5}},"118":{"start":{"line":119,"column":0},"end":{"line":119,"column":21}},"119":{"start":{"line":120,"column":0},"end":{"line":120,"column":44}},"120":{"start":{"line":121,"column":0},"end":{"line":121,"column":3}},"122":{"start":{"line":123,"column":0},"end":{"line":123,"column":45}},"123":{"start":{"line":124,"column":0},"end":{"line":124,"column":24}},"124":{"start":{"line":125,"column":0},"end":{"line":125,"column":3}},"125":{"start":{"line":126,"column":0},"end":{"line":126,"column":73}},"126":{"start":{"line":127,"column":0},"end":{"line":127,"column":25}},"128":{"start":{"line":129,"column":0},"end":{"line":129,"column":77}},"129":{"start":{"line":130,"column":0},"end":{"line":130,"column":60}},"131":{"start":{"line":132,"column":0},"end":{"line":132,"column":16}},"132":{"start":{"line":133,"column":0},"end":{"line":133,"column":58}},"133":{"start":{"line":134,"column":0},"end":{"line":134,"column":12}},"134":{"start":{"line":135,"column":0},"end":{"line":135,"column":19}},"135":{"start":{"line":136,"column":0},"end":{"line":136,"column":6}},"136":{"start":{"line":137,"column":0},"end":{"line":137,"column":13}},"137":{"start":{"line":138,"column":0},"end":{"line":138,"column":14}},"138":{"start":{"line":139,"column":0},"end":{"line":139,"column":12}},"139":{"start":{"line":140,"column":0},"end":{"line":140,"column":15}},"140":{"start":{"line":141,"column":0},"end":{"line":141,"column":16}},"141":{"start":{"line":142,"column":0},"end":{"line":142,"column":19}},"142":{"start":{"line":143,"column":0},"end":{"line":143,"column":8}},"143":{"start":{"line":144,"column":0},"end":{"line":144,"column":7}},"144":{"start":{"line":145,"column":0},"end":{"line":145,"column":16}},"145":{"start":{"line":146,"column":0},"end":{"line":146,"column":6}},"146":{"start":{"line":147,"column":0},"end":{"line":147,"column":6}},"147":{"start":{"line":148,"column":0},"end":{"line":148,"column":11}},"148":{"start":{"line":149,"column":0},"end":{"line":149,"column":46}},"149":{"start":{"line":150,"column":0},"end":{"line":150,"column":13}},"150":{"start":{"line":151,"column":0},"end":{"line":151,"column":19}},"151":{"start":{"line":152,"column":0},"end":{"line":152,"column":28}},"152":{"start":{"line":153,"column":0},"end":{"line":153,"column":30}},"153":{"start":{"line":154,"column":0},"end":{"line":154,"column":23}},"154":{"start":{"line":155,"column":0},"end":{"line":155,"column":7}},"155":{"start":{"line":156,"column":0},"end":{"line":156,"column":7}},"156":{"start":{"line":157,"column":0},"end":{"line":157,"column":5}},"157":{"start":{"line":158,"column":0},"end":{"line":158,"column":3}},"159":{"start":{"line":160,"column":0},"end":{"line":160,"column":10}},"160":{"start":{"line":161,"column":0},"end":{"line":161,"column":25}},"161":{"start":{"line":162,"column":0},"end":{"line":162,"column":4}},"162":{"start":{"line":163,"column":0},"end":{"line":163,"column":3}},"163":{"start":{"line":164,"column":0},"end":{"line":164,"column":48}},"165":{"start":{"line":166,"column":0},"end":{"line":166,"column":40}},"166":{"start":{"line":167,"column":0},"end":{"line":167,"column":11}},"167":{"start":{"line":168,"column":0},"end":{"line":168,"column":26}},"168":{"start":{"line":169,"column":0},"end":{"line":169,"column":5}},"169":{"start":{"line":170,"column":0},"end":{"line":170,"column":5}},"170":{"start":{"line":171,"column":0},"end":{"line":171,"column":3}},"172":{"start":{"line":173,"column":0},"end":{"line":173,"column":37}},"173":{"start":{"line":174,"column":0},"end":{"line":174,"column":7}},"174":{"start":{"line":175,"column":0},"end":{"line":175,"column":14}},"175":{"start":{"line":176,"column":0},"end":{"line":176,"column":60}},"176":{"start":{"line":177,"column":0},"end":{"line":177,"column":40}},"178":{"start":{"line":179,"column":0},"end":{"line":179,"column":28}},"179":{"start":{"line":180,"column":0},"end":{"line":180,"column":37}},"180":{"start":{"line":181,"column":0},"end":{"line":181,"column":3}},"182":{"start":{"line":183,"column":0},"end":{"line":183,"column":28}},"183":{"start":{"line":184,"column":0},"end":{"line":184,"column":53}},"184":{"start":{"line":185,"column":0},"end":{"line":185,"column":3}},"186":{"start":{"line":187,"column":0},"end":{"line":187,"column":45}},"187":{"start":{"line":188,"column":0},"end":{"line":188,"column":11}},"188":{"start":{"line":189,"column":0},"end":{"line":189,"column":27}},"189":{"start":{"line":190,"column":0},"end":{"line":190,"column":5}},"190":{"start":{"line":191,"column":0},"end":{"line":191,"column":12}},"191":{"start":{"line":192,"column":0},"end":{"line":192,"column":15}},"192":{"start":{"line":193,"column":0},"end":{"line":193,"column":5}},"193":{"start":{"line":194,"column":0},"end":{"line":194,"column":5}},"195":{"start":{"line":196,"column":0},"end":{"line":196,"column":14}},"196":{"start":{"line":197,"column":0},"end":{"line":197,"column":35}},"197":{"start":{"line":198,"column":0},"end":{"line":198,"column":3}},"199":{"start":{"line":200,"column":0},"end":{"line":200,"column":55}},"200":{"start":{"line":201,"column":0},"end":{"line":201,"column":10}},"201":{"start":{"line":202,"column":0},"end":{"line":202,"column":9}},"202":{"start":{"line":203,"column":0},"end":{"line":203,"column":25}},"203":{"start":{"line":204,"column":0},"end":{"line":204,"column":12}},"205":{"start":{"line":206,"column":0},"end":{"line":206,"column":24}},"206":{"start":{"line":207,"column":0},"end":{"line":207,"column":14}},"207":{"start":{"line":208,"column":0},"end":{"line":208,"column":33}},"208":{"start":{"line":209,"column":0},"end":{"line":209,"column":34}},"209":{"start":{"line":210,"column":0},"end":{"line":210,"column":7}},"210":{"start":{"line":211,"column":0},"end":{"line":211,"column":6}},"211":{"start":{"line":212,"column":0},"end":{"line":212,"column":5}},"212":{"start":{"line":213,"column":0},"end":{"line":213,"column":5}},"214":{"start":{"line":215,"column":0},"end":{"line":215,"column":21}},"215":{"start":{"line":216,"column":0},"end":{"line":216,"column":43}},"216":{"start":{"line":217,"column":0},"end":{"line":217,"column":3}},"218":{"start":{"line":219,"column":0},"end":{"line":219,"column":46}},"219":{"start":{"line":220,"column":0},"end":{"line":220,"column":21}},"220":{"start":{"line":221,"column":0},"end":{"line":221,"column":3}},"222":{"start":{"line":223,"column":0},"end":{"line":223,"column":68}},"223":{"start":{"line":224,"column":0},"end":{"line":224,"column":38}},"224":{"start":{"line":225,"column":0},"end":{"line":225,"column":11}},"225":{"start":{"line":226,"column":0},"end":{"line":226,"column":22}},"226":{"start":{"line":227,"column":0},"end":{"line":227,"column":22}},"227":{"start":{"line":228,"column":0},"end":{"line":228,"column":14}},"228":{"start":{"line":229,"column":0},"end":{"line":229,"column":8}},"229":{"start":{"line":230,"column":0},"end":{"line":230,"column":14}},"230":{"start":{"line":231,"column":0},"end":{"line":231,"column":25}},"231":{"start":{"line":232,"column":0},"end":{"line":232,"column":9}},"232":{"start":{"line":233,"column":0},"end":{"line":233,"column":7}},"233":{"start":{"line":234,"column":0},"end":{"line":234,"column":11}},"234":{"start":{"line":235,"column":0},"end":{"line":235,"column":5}},"235":{"start":{"line":236,"column":0},"end":{"line":236,"column":32}},"236":{"start":{"line":237,"column":0},"end":{"line":237,"column":5}},"237":{"start":{"line":238,"column":0},"end":{"line":238,"column":3}},"239":{"start":{"line":240,"column":0},"end":{"line":240,"column":37}},"240":{"start":{"line":241,"column":0},"end":{"line":241,"column":7}},"241":{"start":{"line":242,"column":0},"end":{"line":242,"column":9}},"242":{"start":{"line":243,"column":0},"end":{"line":243,"column":50}},"243":{"start":{"line":244,"column":0},"end":{"line":244,"column":48}},"245":{"start":{"line":246,"column":0},"end":{"line":246,"column":17}},"246":{"start":{"line":247,"column":0},"end":{"line":247,"column":63}},"247":{"start":{"line":248,"column":0},"end":{"line":248,"column":3}},"249":{"start":{"line":250,"column":0},"end":{"line":250,"column":18}},"250":{"start":{"line":251,"column":0},"end":{"line":251,"column":59}},"251":{"start":{"line":252,"column":0},"end":{"line":252,"column":3}},"252":{"start":{"line":253,"column":0},"end":{"line":253,"column":24}},"253":{"start":{"line":254,"column":0},"end":{"line":254,"column":66}},"254":{"start":{"line":255,"column":0},"end":{"line":255,"column":3}},"256":{"start":{"line":257,"column":0},"end":{"line":257,"column":7}},"257":{"start":{"line":258,"column":0},"end":{"line":258,"column":56}},"258":{"start":{"line":259,"column":0},"end":{"line":259,"column":12}},"259":{"start":{"line":260,"column":0},"end":{"line":260,"column":17}},"260":{"start":{"line":261,"column":0},"end":{"line":261,"column":6}},"261":{"start":{"line":262,"column":0},"end":{"line":262,"column":9}},"262":{"start":{"line":263,"column":0},"end":{"line":263,"column":6}},"264":{"start":{"line":265,"column":0},"end":{"line":265,"column":47}},"265":{"start":{"line":266,"column":0},"end":{"line":266,"column":22}},"266":{"start":{"line":267,"column":0},"end":{"line":267,"column":19}},"267":{"start":{"line":268,"column":0},"end":{"line":268,"column":40}},"268":{"start":{"line":269,"column":0},"end":{"line":269,"column":3}},"269":{"start":{"line":270,"column":0},"end":{"line":270,"column":3}},"270":{"start":{"line":271,"column":0},"end":{"line":271,"column":2}}},"s":{"0":1,"14":1,"15":1,"16":1,"17":1,"19":1,"20":1,"21":0,"22":0,"23":0,"34":0,"35":1,"37":0,"38":0,"39":0,"40":0,"41":0,"42":0,"43":0,"44":1,"45":1,"46":1,"47":1,"48":1,"49":1,"50":1,"51":1,"52":1,"53":1,"54":1,"55":1,"56":1,"58":1,"59":1,"61":1,"62":0,"63":0,"64":0,"65":0,"66":0,"67":0,"68":0,"69":0,"70":0,"71":0,"72":0,"73":0,"75":0,"77":0,"78":0,"79":0,"81":0,"82":0,"84":1,"85":1,"86":1,"88":1,"89":0,"90":0,"92":1,"93":1,"94":1,"95":1,"96":1,"97":1,"98":1,"100":1,"101":1,"102":1,"104":1,"105":1,"106":1,"107":1,"109":0,"110":0,"111":0,"112":0,"113":0,"114":0,"115":0,"116":0,"118":0,"119":0,"120":0,"122":0,"123":0,"124":1,"125":1,"126":2,"128":1,"129":1,"131":1,"132":1,"133":1,"134":1,"135":1,"136":1,"137":1,"138":1,"139":1,"140":1,"141":1,"142":1,"143":1,"144":1,"145":1,"146":1,"147":1,"148":1,"149":1,"150":1,"151":1,"152":1,"153":1,"154":1,"155":1,"156":1,"157":1,"159":0,"160":0,"161":0,"162":2,"163":1,"165":0,"166":0,"167":0,"168":0,"169":0,"170":0,"172":1,"173":2,"174":2,"175":2,"176":2,"178":2,"179":0,"180":0,"182":2,"183":0,"184":0,"186":2,"187":2,"188":2,"189":2,"190":2,"191":2,"192":2,"193":2,"195":2,"196":0,"197":0,"199":2,"200":2,"201":2,"202":2,"203":2,"205":2,"206":2,"207":2,"208":2,"209":2,"210":2,"211":2,"212":2,"214":2,"215":0,"216":0,"218":2,"219":2,"220":2,"222":1,"223":2,"224":2,"225":2,"226":2,"227":2,"228":0,"229":0,"230":0,"231":0,"232":0,"233":2,"234":2,"235":2,"236":2,"237":2,"239":1,"240":0,"241":0,"242":0,"243":0,"245":0,"246":0,"247":0,"249":0,"250":0,"251":0,"252":0,"253":0,"254":0,"256":0,"257":0,"258":0,"259":0,"260":0,"261":0,"262":0,"264":0,"265":0,"266":0,"267":0,"268":0,"269":0,"270":1},"branchMap":{"0":{"type":"branch","line":45,"loc":{"start":{"line":45,"column":22},"end":{"line":60,"column":3}},"locations":[{"start":{"line":45,"column":22},"end":{"line":60,"column":3}}]},"1":{"type":"branch","line":59,"loc":{"start":{"line":59,"column":33},"end":{"line":59,"column":65}},"locations":[{"start":{"line":59,"column":33},"end":{"line":59,"column":65}}]},"2":{"type":"branch","line":85,"loc":{"start":{"line":85,"column":10},"end":{"line":103,"column":3}},"locations":[{"start":{"line":85,"column":10},"end":{"line":103,"column":3}}]},"3":{"type":"branch","line":89,"loc":{"start":{"line":89,"column":34},"end":{"line":91,"column":3}},"locations":[{"start":{"line":89,"column":34},"end":{"line":91,"column":3}}]},"4":{"type":"branch","line":105,"loc":{"start":{"line":105,"column":27},"end":{"line":125,"column":3}},"locations":[{"start":{"line":105,"column":27},"end":{"line":125,"column":3}}]},"5":{"type":"branch","line":108,"loc":{"start":{"line":108,"column":2},"end":{"line":124,"column":24}},"locations":[{"start":{"line":108,"column":2},"end":{"line":124,"column":24}}]},"6":{"type":"branch","line":126,"loc":{"start":{"line":126,"column":14},"end":{"line":163,"column":3}},"locations":[{"start":{"line":126,"column":14},"end":{"line":163,"column":3}}]},"7":{"type":"branch","line":127,"loc":{"start":{"line":127,"column":15},"end":{"line":162,"column":4}},"locations":[{"start":{"line":127,"column":15},"end":{"line":162,"column":4}}]},"8":{"type":"branch","line":158,"loc":{"start":{"line":158,"column":2},"end":{"line":162,"column":4}},"locations":[{"start":{"line":158,"column":2},"end":{"line":162,"column":4}}]},"9":{"type":"branch","line":149,"loc":{"start":{"line":149,"column":34},"end":{"line":156,"column":5}},"locations":[{"start":{"line":149,"column":34},"end":{"line":156,"column":5}}]},"10":{"type":"branch","line":173,"loc":{"start":{"line":173,"column":20},"end":{"line":221,"column":3}},"locations":[{"start":{"line":173,"column":20},"end":{"line":221,"column":3}}]},"11":{"type":"branch","line":179,"loc":{"start":{"line":179,"column":27},"end":{"line":181,"column":3}},"locations":[{"start":{"line":179,"column":27},"end":{"line":181,"column":3}}]},"12":{"type":"branch","line":183,"loc":{"start":{"line":183,"column":27},"end":{"line":185,"column":3}},"locations":[{"start":{"line":183,"column":27},"end":{"line":185,"column":3}}]},"13":{"type":"branch","line":196,"loc":{"start":{"line":196,"column":13},"end":{"line":198,"column":3}},"locations":[{"start":{"line":196,"column":13},"end":{"line":198,"column":3}}]},"14":{"type":"branch","line":215,"loc":{"start":{"line":215,"column":20},"end":{"line":217,"column":3}},"locations":[{"start":{"line":215,"column":20},"end":{"line":217,"column":3}}]},"15":{"type":"branch","line":223,"loc":{"start":{"line":223,"column":7},"end":{"line":238,"column":3}},"locations":[{"start":{"line":223,"column":7},"end":{"line":238,"column":3}}]},"16":{"type":"branch","line":228,"loc":{"start":{"line":228,"column":8},"end":{"line":233,"column":7}},"locations":[{"start":{"line":228,"column":8},"end":{"line":233,"column":7}}]}},"b":{"0":[1],"1":[1],"2":[1],"3":[0],"4":[1],"5":[0],"6":[2],"7":[1],"8":[0],"9":[1],"10":[2],"11":[0],"12":[0],"13":[0],"14":[0],"15":[2],"16":[0]},"fnMap":{"0":{"name":"createCompetitor","decl":{"start":{"line":21,"column":19},"end":{"line":35,"column":3}},"loc":{"start":{"line":21,"column":19},"end":{"line":35,"column":3}},"line":21},"1":{"name":"listCompetitors","decl":{"start":{"line":36,"column":18},"end":{"line":44,"column":3}},"loc":{"start":{"line":36,"column":18},"end":{"line":44,"column":3}},"line":36},"2":{"name":"privateCompetitions","decl":{"start":{"line":45,"column":22},"end":{"line":60,"column":3}},"loc":{"start":{"line":45,"column":22},"end":{"line":60,"column":3}},"line":45},"3":{"name":"createCompetitionAdmin","decl":{"start":{"line":62,"column":25},"end":{"line":83,"column":3}},"loc":{"start":{"line":62,"column":25},"end":{"line":83,"column":3}},"line":62},"4":{"name":"isAdmin","decl":{"start":{"line":85,"column":10},"end":{"line":103,"column":3}},"loc":{"start":{"line":85,"column":10},"end":{"line":103,"column":3}},"line":85},"5":{"name":"getCompetitionIdFromSlug","decl":{"start":{"line":105,"column":27},"end":{"line":125,"column":3}},"loc":{"start":{"line":105,"column":27},"end":{"line":125,"column":3}},"line":105},"6":{"name":"getMetadata","decl":{"start":{"line":126,"column":14},"end":{"line":163,"column":3}},"loc":{"start":{"line":126,"column":14},"end":{"line":163,"column":3}},"line":126},"7":{"name":"get","decl":{"start":{"line":164,"column":6},"end":{"line":171,"column":3}},"loc":{"start":{"line":164,"column":6},"end":{"line":171,"column":3}},"line":164},"8":{"name":"createCompetition","decl":{"start":{"line":173,"column":20},"end":{"line":221,"column":3}},"loc":{"start":{"line":173,"column":20},"end":{"line":221,"column":3}},"line":173},"9":{"name":"list","decl":{"start":{"line":223,"column":7},"end":{"line":238,"column":3}},"loc":{"start":{"line":223,"column":7},"end":{"line":238,"column":3}},"line":223},"10":{"name":"updateCompetition","decl":{"start":{"line":240,"column":20},"end":{"line":270,"column":3}},"loc":{"start":{"line":240,"column":20},"end":{"line":270,"column":3}},"line":240}},"f":{"0":0,"1":0,"2":1,"3":0,"4":1,"5":1,"6":2,"7":0,"8":2,"9":2,"10":0}}
,"/home/oliver/Desktop/monorepo_workspace/backend/core/src/app/services/securify.ts": {"path":"/home/oliver/Desktop/monorepo_workspace/backend/core/src/app/services/securify.ts","all":false,"statementMap":{"0":{"start":{"line":1,"column":0},"end":{"line":1,"column":28}},"2":{"start":{"line":3,"column":0},"end":{"line":3,"column":23}},"3":{"start":{"line":4,"column":0},"end":{"line":4,"column":41}},"4":{"start":{"line":5,"column":0},"end":{"line":5,"column":71}},"5":{"start":{"line":6,"column":0},"end":{"line":6,"column":2}},"6":{"start":{"line":7,"column":0},"end":{"line":7,"column":1}},"8":{"start":{"line":9,"column":0},"end":{"line":9,"column":37}}},"s":{"0":1,"2":1,"3":1,"4":20,"5":20,"6":1,"8":1},"branchMap":{"0":{"type":"branch","line":4,"loc":{"start":{"line":4,"column":1},"end":{"line":6,"column":2}},"locations":[{"start":{"line":4,"column":1},"end":{"line":6,"column":2}}]}},"b":{"0":[20]},"fnMap":{"0":{"name":"hashPassword","decl":{"start":{"line":4,"column":1},"end":{"line":6,"column":2}},"loc":{"start":{"line":4,"column":1},"end":{"line":6,"column":2}},"line":4}},"f":{"0":20}}
,"/home/oliver/Desktop/monorepo_workspace/backend/core/src/app/services/session.ts": {"path":"/home/oliver/Desktop/monorepo_workspace/backend/core/src/app/services/session.ts","all":false,"statementMap":{"0":{"start":{"line":1,"column":0},"end":{"line":1,"column":41}},"5":{"start":{"line":6,"column":0},"end":{"line":6,"column":31}},"6":{"start":{"line":7,"column":0},"end":{"line":7,"column":50}},"7":{"start":{"line":8,"column":0},"end":{"line":8,"column":32}},"8":{"start":{"line":9,"column":0},"end":{"line":9,"column":10}},"9":{"start":{"line":10,"column":0},"end":{"line":10,"column":46}},"10":{"start":{"line":11,"column":0},"end":{"line":11,"column":53}},"11":{"start":{"line":12,"column":0},"end":{"line":12,"column":11}},"12":{"start":{"line":13,"column":0},"end":{"line":13,"column":5}},"13":{"start":{"line":14,"column":0},"end":{"line":14,"column":5}},"14":{"start":{"line":15,"column":0},"end":{"line":15,"column":3}},"16":{"start":{"line":17,"column":0},"end":{"line":17,"column":66}},"17":{"start":{"line":18,"column":0},"end":{"line":18,"column":35}},"18":{"start":{"line":19,"column":0},"end":{"line":19,"column":11}},"19":{"start":{"line":20,"column":0},"end":{"line":20,"column":10}},"20":{"start":{"line":21,"column":0},"end":{"line":21,"column":16}},"21":{"start":{"line":22,"column":0},"end":{"line":22,"column":20}},"22":{"start":{"line":23,"column":0},"end":{"line":23,"column":6}},"23":{"start":{"line":24,"column":0},"end":{"line":24,"column":5}},"24":{"start":{"line":25,"column":0},"end":{"line":25,"column":5}},"25":{"start":{"line":26,"column":0},"end":{"line":26,"column":3}},"26":{"start":{"line":27,"column":0},"end":{"line":27,"column":2}}},"s":{"0":1,"5":1,"6":1,"7":18,"8":18,"9":18,"10":18,"11":18,"12":18,"13":18,"14":18,"16":1,"17":11,"18":11,"19":11,"20":11,"21":11,"22":11,"23":11,"24":11,"25":11,"26":1},"branchMap":{"0":{"type":"branch","line":7,"loc":{"start":{"line":7,"column":1},"end":{"line":15,"column":3}},"locations":[{"start":{"line":7,"column":1},"end":{"line":15,"column":3}}]},"1":{"type":"branch","line":17,"loc":{"start":{"line":17,"column":1},"end":{"line":26,"column":3}},"locations":[{"start":{"line":17,"column":1},"end":{"line":26,"column":3}}]}},"b":{"0":[18],"1":[11]},"fnMap":{"0":{"name":"createSession","decl":{"start":{"line":7,"column":1},"end":{"line":15,"column":3}},"loc":{"start":{"line":7,"column":1},"end":{"line":15,"column":3}},"line":7},"1":{"name":"getUserSessionFromToken","decl":{"start":{"line":17,"column":1},"end":{"line":26,"column":3}},"loc":{"start":{"line":17,"column":1},"end":{"line":26,"column":3}},"line":17}},"f":{"0":18,"1":11}}
,"/home/oliver/Desktop/monorepo_workspace/backend/core/src/app/services/user.ts": {"path":"/home/oliver/Desktop/monorepo_workspace/backend/core/src/app/services/user.ts","all":false,"statementMap":{"0":{"start":{"line":1,"column":0},"end":{"line":1,"column":54}},"18":{"start":{"line":19,"column":0},"end":{"line":19,"column":28}},"19":{"start":{"line":20,"column":0},"end":{"line":20,"column":30}},"20":{"start":{"line":21,"column":0},"end":{"line":21,"column":8}},"21":{"start":{"line":22,"column":0},"end":{"line":22,"column":11}},"22":{"start":{"line":23,"column":0},"end":{"line":23,"column":62}},"23":{"start":{"line":24,"column":0},"end":{"line":24,"column":7}},"24":{"start":{"line":25,"column":0},"end":{"line":25,"column":42}},"25":{"start":{"line":26,"column":0},"end":{"line":26,"column":11}},"26":{"start":{"line":27,"column":0},"end":{"line":27,"column":11}},"27":{"start":{"line":28,"column":0},"end":{"line":28,"column":47}},"28":{"start":{"line":29,"column":0},"end":{"line":29,"column":6}},"29":{"start":{"line":30,"column":0},"end":{"line":30,"column":6}},"31":{"start":{"line":32,"column":0},"end":{"line":32,"column":15}},"32":{"start":{"line":33,"column":0},"end":{"line":33,"column":44}},"33":{"start":{"line":34,"column":0},"end":{"line":34,"column":4}},"35":{"start":{"line":36,"column":0},"end":{"line":36,"column":46}},"36":{"start":{"line":37,"column":0},"end":{"line":37,"column":31}},"37":{"start":{"line":38,"column":0},"end":{"line":38,"column":12}},"38":{"start":{"line":39,"column":0},"end":{"line":39,"column":22}},"39":{"start":{"line":40,"column":0},"end":{"line":40,"column":7}},"40":{"start":{"line":41,"column":0},"end":{"line":41,"column":7}},"41":{"start":{"line":42,"column":0},"end":{"line":42,"column":42}},"42":{"start":{"line":43,"column":0},"end":{"line":43,"column":6}},"44":{"start":{"line":45,"column":0},"end":{"line":45,"column":11}},"45":{"start":{"line":46,"column":0},"end":{"line":46,"column":12}},"46":{"start":{"line":47,"column":0},"end":{"line":47,"column":22}},"47":{"start":{"line":48,"column":0},"end":{"line":48,"column":5}},"48":{"start":{"line":49,"column":0},"end":{"line":49,"column":19}},"50":{"start":{"line":51,"column":0},"end":{"line":51,"column":53}},"51":{"start":{"line":52,"column":0},"end":{"line":52,"column":42}},"52":{"start":{"line":53,"column":0},"end":{"line":53,"column":4}},"54":{"start":{"line":55,"column":0},"end":{"line":55,"column":15}},"55":{"start":{"line":56,"column":0},"end":{"line":56,"column":3}},"56":{"start":{"line":57,"column":0},"end":{"line":57,"column":3}},"58":{"start":{"line":59,"column":0},"end":{"line":59,"column":25}},"59":{"start":{"line":60,"column":0},"end":{"line":60,"column":8}},"60":{"start":{"line":61,"column":0},"end":{"line":61,"column":11}},"61":{"start":{"line":62,"column":0},"end":{"line":62,"column":55}},"62":{"start":{"line":63,"column":0},"end":{"line":63,"column":44}},"63":{"start":{"line":64,"column":0},"end":{"line":64,"column":11}},"64":{"start":{"line":65,"column":0},"end":{"line":65,"column":10}},"65":{"start":{"line":66,"column":0},"end":{"line":66,"column":46}},"66":{"start":{"line":67,"column":0},"end":{"line":67,"column":5}},"67":{"start":{"line":68,"column":0},"end":{"line":68,"column":5}},"69":{"start":{"line":70,"column":0},"end":{"line":70,"column":14}},"70":{"start":{"line":71,"column":0},"end":{"line":71,"column":42}},"71":{"start":{"line":72,"column":0},"end":{"line":72,"column":3}},"73":{"start":{"line":74,"column":0},"end":{"line":74,"column":55}},"74":{"start":{"line":75,"column":0},"end":{"line":75,"column":11}},"75":{"start":{"line":76,"column":0},"end":{"line":76,"column":20}},"76":{"start":{"line":77,"column":0},"end":{"line":77,"column":5}},"77":{"start":{"line":78,"column":0},"end":{"line":78,"column":5}},"79":{"start":{"line":80,"column":0},"end":{"line":80,"column":39}},"81":{"start":{"line":82,"column":0},"end":{"line":82,"column":68}},"83":{"start":{"line":84,"column":0},"end":{"line":84,"column":10}},"84":{"start":{"line":85,"column":0},"end":{"line":85,"column":11}},"85":{"start":{"line":86,"column":0},"end":{"line":86,"column":9}},"86":{"start":{"line":87,"column":0},"end":{"line":87,"column":4}},"87":{"start":{"line":88,"column":0},"end":{"line":88,"column":3}},"88":{"start":{"line":89,"column":0},"end":{"line":89,"column":79}},"89":{"start":{"line":90,"column":0},"end":{"line":90,"column":55}},"90":{"start":{"line":91,"column":0},"end":{"line":91,"column":11}},"91":{"start":{"line":92,"column":0},"end":{"line":92,"column":11}},"92":{"start":{"line":93,"column":0},"end":{"line":93,"column":5}},"93":{"start":{"line":94,"column":0},"end":{"line":94,"column":5}},"95":{"start":{"line":96,"column":0},"end":{"line":96,"column":17}},"96":{"start":{"line":97,"column":0},"end":{"line":97,"column":3}},"97":{"start":{"line":98,"column":0},"end":{"line":98,"column":36}},"98":{"start":{"line":99,"column":0},"end":{"line":99,"column":21}},"99":{"start":{"line":100,"column":0},"end":{"line":100,"column":33}},"100":{"start":{"line":101,"column":0},"end":{"line":101,"column":38}},"103":{"start":{"line":104,"column":0},"end":{"line":104,"column":47}},"104":{"start":{"line":105,"column":0},"end":{"line":105,"column":21}},"105":{"start":{"line":106,"column":0},"end":{"line":106,"column":48}},"106":{"start":{"line":107,"column":0},"end":{"line":107,"column":66}},"107":{"start":{"line":108,"column":0},"end":{"line":108,"column":11}},"108":{"start":{"line":109,"column":0},"end":{"line":109,"column":65}},"109":{"start":{"line":110,"column":0},"end":{"line":110,"column":4}},"111":{"start":{"line":112,"column":0},"end":{"line":112,"column":17}},"112":{"start":{"line":113,"column":0},"end":{"line":113,"column":43}},"113":{"start":{"line":114,"column":0},"end":{"line":114,"column":4}},"116":{"start":{"line":117,"column":0},"end":{"line":117,"column":50}},"117":{"start":{"line":118,"column":0},"end":{"line":118,"column":10}},"118":{"start":{"line":119,"column":0},"end":{"line":119,"column":28}},"119":{"start":{"line":120,"column":0},"end":{"line":120,"column":15}},"120":{"start":{"line":121,"column":0},"end":{"line":121,"column":13}},"121":{"start":{"line":122,"column":0},"end":{"line":122,"column":14}},"123":{"start":{"line":124,"column":0},"end":{"line":124,"column":7}},"124":{"start":{"line":125,"column":0},"end":{"line":125,"column":6}},"125":{"start":{"line":126,"column":0},"end":{"line":126,"column":51}},"126":{"start":{"line":127,"column":0},"end":{"line":127,"column":57}},"127":{"start":{"line":128,"column":0},"end":{"line":128,"column":47}},"129":{"start":{"line":130,"column":0},"end":{"line":130,"column":6}},"130":{"start":{"line":131,"column":0},"end":{"line":131,"column":73}},"131":{"start":{"line":132,"column":0},"end":{"line":132,"column":4}},"132":{"start":{"line":133,"column":0},"end":{"line":133,"column":3}},"134":{"start":{"line":135,"column":0},"end":{"line":135,"column":7}},"135":{"start":{"line":136,"column":0},"end":{"line":136,"column":52}},"136":{"start":{"line":137,"column":0},"end":{"line":137,"column":12}},"137":{"start":{"line":138,"column":0},"end":{"line":138,"column":12}},"138":{"start":{"line":139,"column":0},"end":{"line":139,"column":6}},"139":{"start":{"line":140,"column":0},"end":{"line":140,"column":11}},"140":{"start":{"line":141,"column":0},"end":{"line":141,"column":54}},"141":{"start":{"line":142,"column":0},"end":{"line":142,"column":52}},"142":{"start":{"line":143,"column":0},"end":{"line":143,"column":33}},"143":{"start":{"line":144,"column":0},"end":{"line":144,"column":41}},"144":{"start":{"line":145,"column":0},"end":{"line":145,"column":45}},"145":{"start":{"line":146,"column":0},"end":{"line":146,"column":6}},"146":{"start":{"line":147,"column":0},"end":{"line":147,"column":6}},"148":{"start":{"line":149,"column":0},"end":{"line":149,"column":18}},"149":{"start":{"line":150,"column":0},"end":{"line":150,"column":19}},"150":{"start":{"line":151,"column":0},"end":{"line":151,"column":40}},"151":{"start":{"line":152,"column":0},"end":{"line":152,"column":15}},"152":{"start":{"line":153,"column":0},"end":{"line":153,"column":3}},"153":{"start":{"line":154,"column":0},"end":{"line":154,"column":3}},"155":{"start":{"line":156,"column":0},"end":{"line":156,"column":58}},"157":{"start":{"line":158,"column":0},"end":{"line":158,"column":33}},"158":{"start":{"line":159,"column":0},"end":{"line":159,"column":11}},"159":{"start":{"line":160,"column":0},"end":{"line":160,"column":10}},"160":{"start":{"line":161,"column":0},"end":{"line":161,"column":5}},"161":{"start":{"line":162,"column":0},"end":{"line":162,"column":12}},"162":{"start":{"line":163,"column":0},"end":{"line":163,"column":13}},"163":{"start":{"line":164,"column":0},"end":{"line":164,"column":16}},"164":{"start":{"line":165,"column":0},"end":{"line":165,"column":5}},"165":{"start":{"line":166,"column":0},"end":{"line":166,"column":5}},"166":{"start":{"line":167,"column":0},"end":{"line":167,"column":3}},"167":{"start":{"line":168,"column":0},"end":{"line":168,"column":2}}},"s":{"0":1,"18":1,"19":1,"20":18,"21":18,"22":18,"23":18,"24":18,"25":18,"26":18,"27":18,"28":18,"29":18,"31":18,"32":0,"33":0,"35":17,"36":17,"37":17,"38":17,"39":17,"40":17,"41":17,"42":17,"44":17,"45":17,"46":17,"47":17,"48":18,"50":1,"51":1,"52":1,"54":0,"55":0,"56":18,"58":1,"59":2,"60":2,"61":2,"62":2,"63":2,"64":2,"65":2,"66":2,"67":2,"69":2,"70":1,"71":1,"73":1,"74":1,"75":1,"76":1,"77":1,"79":2,"81":1,"83":1,"84":1,"85":1,"86":1,"87":2,"88":1,"89":1,"90":1,"91":1,"92":1,"93":1,"95":1,"96":1,"97":1,"98":5,"99":5,"100":5,"103":5,"104":5,"105":5,"106":4,"107":5,"108":1,"109":1,"111":5,"112":0,"113":0,"116":4,"117":4,"118":4,"119":4,"120":4,"121":4,"123":4,"124":4,"125":4,"126":4,"127":1,"129":5,"130":3,"131":3,"132":5,"134":1,"135":1,"136":1,"137":1,"138":1,"139":1,"140":1,"141":1,"142":1,"143":1,"144":1,"145":1,"146":1,"148":1,"149":5,"150":0,"151":0,"152":0,"153":5,"155":1,"157":2,"158":2,"159":2,"160":2,"161":2,"162":2,"163":2,"164":2,"165":2,"166":2,"167":1},"branchMap":{"0":{"type":"branch","line":20,"loc":{"start":{"line":20,"column":13},"end":{"line":57,"column":3}},"locations":[{"start":{"line":20,"column":13},"end":{"line":57,"column":3}}]},"1":{"type":"branch","line":30,"loc":{"start":{"line":30,"column":4},"end":{"line":32,"column":14}},"locations":[{"start":{"line":30,"column":4},"end":{"line":32,"column":14}}]},"2":{"type":"branch","line":32,"loc":{"start":{"line":32,"column":14},"end":{"line":34,"column":4}},"locations":[{"start":{"line":32,"column":14},"end":{"line":34,"column":4}}]},"3":{"type":"branch","line":34,"loc":{"start":{"line":34,"column":3},"end":{"line":49,"column":11}},"locations":[{"start":{"line":34,"column":3},"end":{"line":49,"column":11}}]},"4":{"type":"branch","line":49,"loc":{"start":{"line":49,"column":2},"end":{"line":56,"column":3}},"locations":[{"start":{"line":49,"column":2},"end":{"line":56,"column":3}}]},"5":{"type":"branch","line":53,"loc":{"start":{"line":53,"column":3},"end":{"line":56,"column":3}},"locations":[{"start":{"line":53,"column":3},"end":{"line":56,"column":3}}]},"6":{"type":"branch","line":59,"loc":{"start":{"line":59,"column":8},"end":{"line":88,"column":3}},"locations":[{"start":{"line":59,"column":8},"end":{"line":88,"column":3}}]},"7":{"type":"branch","line":70,"loc":{"start":{"line":70,"column":13},"end":{"line":80,"column":22}},"locations":[{"start":{"line":70,"column":13},"end":{"line":80,"column":22}}]},"8":{"type":"branch","line":80,"loc":{"start":{"line":80,"column":16},"end":{"line":80,"column":39}},"locations":[{"start":{"line":80,"column":16},"end":{"line":80,"column":39}}]},"9":{"type":"branch","line":80,"loc":{"start":{"line":80,"column":37},"end":{"line":87,"column":4}},"locations":[{"start":{"line":80,"column":37},"end":{"line":87,"column":4}}]},"10":{"type":"branch","line":89,"loc":{"start":{"line":89,"column":17},"end":{"line":97,"column":3}},"locations":[{"start":{"line":89,"column":17},"end":{"line":97,"column":3}}]},"11":{"type":"branch","line":98,"loc":{"start":{"line":98,"column":20},"end":{"line":154,"column":3}},"locations":[{"start":{"line":98,"column":20},"end":{"line":154,"column":3}}]},"12":{"type":"branch","line":106,"loc":{"start":{"line":106,"column":47},"end":{"line":108,"column":10}},"locations":[{"start":{"line":106,"column":47},"end":{"line":108,"column":10}}]},"13":{"type":"branch","line":108,"loc":{"start":{"line":108,"column":3},"end":{"line":110,"column":4}},"locations":[{"start":{"line":108,"column":3},"end":{"line":110,"column":4}}]},"14":{"type":"branch","line":110,"loc":{"start":{"line":110,"column":3},"end":{"line":112,"column":16}},"locations":[{"start":{"line":110,"column":3},"end":{"line":112,"column":16}}]},"15":{"type":"branch","line":112,"loc":{"start":{"line":112,"column":16},"end":{"line":114,"column":4}},"locations":[{"start":{"line":112,"column":16},"end":{"line":114,"column":4}}]},"16":{"type":"branch","line":114,"loc":{"start":{"line":114,"column":3},"end":{"line":127,"column":57}},"locations":[{"start":{"line":114,"column":3},"end":{"line":127,"column":57}}]},"17":{"type":"branch","line":127,"loc":{"start":{"line":127,"column":53},"end":{"line":128,"column":47}},"locations":[{"start":{"line":127,"column":53},"end":{"line":128,"column":47}}]},"18":{"type":"branch","line":130,"loc":{"start":{"line":130,"column":5},"end":{"line":132,"column":4}},"locations":[{"start":{"line":130,"column":5},"end":{"line":132,"column":4}}]},"19":{"type":"branch","line":133,"loc":{"start":{"line":133,"column":2},"end":{"line":150,"column":11}},"locations":[{"start":{"line":133,"column":2},"end":{"line":150,"column":11}}]},"20":{"type":"branch","line":150,"loc":{"start":{"line":150,"column":2},"end":{"line":153,"column":3}},"locations":[{"start":{"line":150,"column":2},"end":{"line":153,"column":3}}]},"21":{"type":"branch","line":156,"loc":{"start":{"line":156,"column":26},"end":{"line":167,"column":3}},"locations":[{"start":{"line":156,"column":26},"end":{"line":167,"column":3}}]}},"b":{"0":[18],"1":[17],"2":[0],"3":[17],"4":[1],"5":[0],"6":[2],"7":[1],"8":[0],"9":[1],"10":[1],"11":[5],"12":[4],"13":[1],"14":[4],"15":[0],"16":[4],"17":[1],"18":[3],"19":[1],"20":[0],"21":[2]},"fnMap":{"0":{"name":"createUser","decl":{"start":{"line":20,"column":13},"end":{"line":57,"column":3}},"loc":{"start":{"line":20,"column":13},"end":{"line":57,"column":3}},"line":20},"1":{"name":"login","decl":{"start":{"line":59,"column":8},"end":{"line":88,"column":3}},"loc":{"start":{"line":59,"column":8},"end":{"line":88,"column":3}},"line":59},"2":{"name":"getUserProfile","decl":{"start":{"line":89,"column":17},"end":{"line":97,"column":3}},"loc":{"start":{"line":89,"column":17},"end":{"line":97,"column":3}},"line":89},"3":{"name":"updateUserProfile","decl":{"start":{"line":98,"column":20},"end":{"line":154,"column":3}},"loc":{"start":{"line":98,"column":20},"end":{"line":154,"column":3}},"line":98},"4":{"name":"searchByEmailExactMatch","decl":{"start":{"line":156,"column":26},"end":{"line":167,"column":3}},"loc":{"start":{"line":156,"column":26},"end":{"line":167,"column":3}},"line":156}},"f":{"0":18,"1":2,"2":1,"3":5,"4":2}}
,"/home/oliver/Desktop/monorepo_workspace/backend/core/src/app/utils/db.ts": {"path":"/home/oliver/Desktop/monorepo_workspace/backend/core/src/app/utils/db.ts","all":false,"statementMap":{"0":{"start":{"line":1,"column":0},"end":{"line":1,"column":46}},"4":{"start":{"line":5,"column":0},"end":{"line":5,"column":41}},"6":{"start":{"line":7,"column":0},"end":{"line":7,"column":68}},"7":{"start":{"line":8,"column":0},"end":{"line":8,"column":54}},"8":{"start":{"line":9,"column":0},"end":{"line":9,"column":61}},"9":{"start":{"line":10,"column":0},"end":{"line":10,"column":1}}},"s":{"0":1,"4":1,"6":1,"7":1,"8":1,"9":1},"branchMap":{"0":{"type":"branch","line":7,"loc":{"start":{"line":7,"column":7},"end":{"line":10,"column":1}},"locations":[{"start":{"line":7,"column":7},"end":{"line":10,"column":1}}]}},"b":{"0":[1]},"fnMap":{"0":{"name":"getUserProfileFromRequest","decl":{"start":{"line":7,"column":7},"end":{"line":10,"column":1}},"loc":{"start":{"line":7,"column":7},"end":{"line":10,"column":1}},"line":7}},"f":{"0":1}}
,"/home/oliver/Desktop/monorepo_workspace/backend/core/src/app/utils/error.ts": {"path":"/home/oliver/Desktop/monorepo_workspace/backend/core/src/app/utils/error.ts","all":false,"statementMap":{"0":{"start":{"line":1,"column":0},"end":{"line":1,"column":52}},"1":{"start":{"line":2,"column":0},"end":{"line":2,"column":54}},"2":{"start":{"line":3,"column":0},"end":{"line":3,"column":46}},"3":{"start":{"line":4,"column":0},"end":{"line":4,"column":2}},"4":{"start":{"line":5,"column":0},"end":{"line":5,"column":13}},"5":{"start":{"line":6,"column":0},"end":{"line":6,"column":1}}},"s":{"0":1,"1":0,"2":0,"3":0,"4":0,"5":0},"branchMap":{},"b":{},"fnMap":{"0":{"name":"tryHandleKnownErrors","decl":{"start":{"line":1,"column":7},"end":{"line":6,"column":1}},"loc":{"start":{"line":1,"column":7},"end":{"line":6,"column":1}},"line":1}},"f":{"0":0}}
,"/home/oliver/Desktop/monorepo_workspace/backend/core/src/app/utils/object.ts": {"path":"/home/oliver/Desktop/monorepo_workspace/backend/core/src/app/utils/object.ts","all":false,"statementMap":{"2":{"start":{"line":3,"column":0},"end":{"line":3,"column":80}},"3":{"start":{"line":4,"column":0},"end":{"line":4,"column":9}},"4":{"start":{"line":5,"column":0},"end":{"line":5,"column":13}},"5":{"start":{"line":6,"column":0},"end":{"line":6,"column":17}},"6":{"start":{"line":7,"column":0},"end":{"line":7,"column":27}},"7":{"start":{"line":8,"column":0},"end":{"line":8,"column":69}},"8":{"start":{"line":9,"column":0},"end":{"line":9,"column":19}},"9":{"start":{"line":10,"column":0},"end":{"line":10,"column":1}},"11":{"start":{"line":12,"column":0},"end":{"line":12,"column":60}},"14":{"start":{"line":15,"column":0},"end":{"line":15,"column":3}},"15":{"start":{"line":16,"column":0},"end":{"line":16,"column":9}},"16":{"start":{"line":17,"column":0},"end":{"line":17,"column":21}},"17":{"start":{"line":18,"column":0},"end":{"line":18,"column":21}},"18":{"start":{"line":19,"column":0},"end":{"line":19,"column":3}},"19":{"start":{"line":20,"column":0},"end":{"line":20,"column":1}}},"s":{"2":1,"3":0,"4":0,"5":0,"6":0,"7":0,"8":0,"9":0,"11":1,"14":2,"15":2,"16":2,"17":2,"18":2,"19":2},"branchMap":{"0":{"type":"branch","line":12,"loc":{"start":{"line":12,"column":7},"end":{"line":20,"column":1}},"locations":[{"start":{"line":12,"column":7},"end":{"line":20,"column":1}}]}},"b":{"0":[2]},"fnMap":{"0":{"name":"exclude","decl":{"start":{"line":3,"column":7},"end":{"line":10,"column":1}},"loc":{"start":{"line":3,"column":7},"end":{"line":10,"column":1}},"line":3},"1":{"name":"convertSkipTake","decl":{"start":{"line":12,"column":7},"end":{"line":20,"column":1}},"loc":{"start":{"line":12,"column":7},"end":{"line":20,"column":1}},"line":12}},"f":{"0":0,"1":2}}
,"/home/oliver/Desktop/monorepo_workspace/backend/core/src/app/utils/request.ts": {"path":"/home/oliver/Desktop/monorepo_workspace/backend/core/src/app/utils/request.ts","all":false,"statementMap":{"0":{"start":{"line":1,"column":0},"end":{"line":1,"column":47}},"3":{"start":{"line":4,"column":0},"end":{"line":4,"column":79}},"4":{"start":{"line":5,"column":0},"end":{"line":5,"column":62}},"5":{"start":{"line":6,"column":0},"end":{"line":6,"column":1}}},"s":{"0":1,"3":1,"4":8,"5":8},"branchMap":{"0":{"type":"branch","line":4,"loc":{"start":{"line":4,"column":7},"end":{"line":6,"column":1}},"locations":[{"start":{"line":4,"column":7},"end":{"line":6,"column":1}}]}},"b":{"0":[8]},"fnMap":{"0":{"name":"getAssertedUserIdFromRequest","decl":{"start":{"line":4,"column":7},"end":{"line":6,"column":1}},"loc":{"start":{"line":4,"column":7},"end":{"line":6,"column":1}},"line":4}},"f":{"0":8}}
,"/home/oliver/Desktop/monorepo_workspace/backend/core/src/app/utils/string.ts": {"path":"/home/oliver/Desktop/monorepo_workspace/backend/core/src/app/utils/string.ts","all":false,"statementMap":{"0":{"start":{"line":1,"column":0},"end":{"line":1,"column":52}},"1":{"start":{"line":2,"column":0},"end":{"line":2,"column":9}},"2":{"start":{"line":3,"column":0},"end":{"line":3,"column":5}},"3":{"start":{"line":4,"column":0},"end":{"line":4,"column":17}},"4":{"start":{"line":5,"column":0},"end":{"line":5,"column":26}},"5":{"start":{"line":6,"column":0},"end":{"line":6,"column":13}},"6":{"start":{"line":7,"column":0},"end":{"line":7,"column":14}},"7":{"start":{"line":8,"column":0},"end":{"line":8,"column":19}},"9":{"start":{"line":10,"column":0},"end":{"line":10,"column":1}},"11":{"start":{"line":12,"column":0},"end":{"line":12,"column":52}},"12":{"start":{"line":13,"column":0},"end":{"line":13,"column":66}},"13":{"start":{"line":14,"column":0},"end":{"line":14,"column":51}},"14":{"start":{"line":15,"column":0},"end":{"line":15,"column":1}}},"s":{"0":1,"1":21,"2":21,"3":21,"4":21,"5":21,"6":21,"7":21,"9":21,"11":1,"12":2,"13":2,"14":2},"branchMap":{"0":{"type":"branch","line":1,"loc":{"start":{"line":1,"column":7},"end":{"line":10,"column":1}},"locations":[{"start":{"line":1,"column":7},"end":{"line":10,"column":1}}]},"1":{"type":"branch","line":8,"loc":{"start":{"line":8,"column":12},"end":{"line":8,"column":19}},"locations":[{"start":{"line":8,"column":12},"end":{"line":8,"column":19}}]},"2":{"type":"branch","line":12,"loc":{"start":{"line":12,"column":7},"end":{"line":15,"column":1}},"locations":[{"start":{"line":12,"column":7},"end":{"line":15,"column":1}}]},"3":{"type":"branch","line":13,"loc":{"start":{"line":13,"column":23},"end":{"line":13,"column":66}},"locations":[{"start":{"line":13,"column":23},"end":{"line":13,"column":66}}]}},"b":{"0":[21],"1":[0],"2":[2],"3":[0]},"fnMap":{"0":{"name":"slugifyString","decl":{"start":{"line":1,"column":7},"end":{"line":10,"column":1}},"loc":{"start":{"line":1,"column":7},"end":{"line":10,"column":1}},"line":1},"1":{"name":"capitalizeFirstLetter","decl":{"start":{"line":12,"column":7},"end":{"line":15,"column":1}},"loc":{"start":{"line":12,"column":7},"end":{"line":15,"column":1}},"line":12}},"f":{"0":21,"1":2}}
,"/home/oliver/Desktop/monorepo_workspace/backend/core/src/app/utils/types.ts": {"path":"/home/oliver/Desktop/monorepo_workspace/backend/core/src/app/utils/types.ts","all":true,"statementMap":{},"s":{},"branchMap":{"0":{"type":"branch","line":1,"loc":{"start":{"line":1,"column":0},"end":{"line":1,"column":0}},"locations":[{"start":{"line":1,"column":0},"end":{"line":1,"column":0}}]}},"b":{"0":[1]},"fnMap":{"0":{"name":"(empty-report)","decl":{"start":{"line":1,"column":0},"end":{"line":1,"column":0}},"loc":{"start":{"line":1,"column":0},"end":{"line":1,"column":0}},"line":1}},"f":{"0":1}}
}
